<?xml version="1.0" encoding="UTF-8"?>
<testng-results skipped="0" failed="0" ignored="0" total="2" passed="2">
  <reporter-output>
  </reporter-output>
  <suite name="Suite" duration-ms="8985" started-at="2018-12-09T07:24:48Z" finished-at="2018-12-09T07:24:57Z">
    <groups>
    </groups>
    <test name="Test" duration-ms="8985" started-at="2018-12-09T07:24:48Z" finished-at="2018-12-09T07:24:57Z">
      <class name="testng.paralleldemo.ParallelDemo2">
        <test-method status="PASS" signature="test2()[pri:0, instance:testng.paralleldemo.ParallelDemo2@91161c7]" name="test2" duration-ms="6663" started-at="2018-12-09T07:24:48Z" finished-at="2018-12-09T07:24:54Z">
          <reporter-output>
          </reporter-output>
        </test-method> <!-- test2 -->
        <test-method status="PASS" signature="closeBrowser()[pri:0, instance:testng.paralleldemo.ParallelDemo2@91161c7]" name="closeBrowser" is-config="true" duration-ms="631" started-at="2018-12-09T07:24:54Z" finished-at="2018-12-09T07:24:55Z">
          <reporter-output>
          </reporter-output>
        </test-method> <!-- closeBrowser -->
      </class> <!-- testng.paralleldemo.ParallelDemo2 -->
      <class name="testng.paralleldemo.ParallelDemo">
        <test-method status="PASS" signature="test1()[pri:0, instance:testng.paralleldemo.ParallelDemo@5c3bd550]" name="test1" duration-ms="8333" started-at="2018-12-09T07:24:48Z" finished-at="2018-12-09T07:24:56Z">
          <reporter-output>
          </reporter-output>
        </test-method> <!-- test1 -->
        <test-method status="PASS" signature="closeBrowser()[pri:0, instance:testng.paralleldemo.ParallelDemo@5c3bd550]" name="closeBrowser" is-config="true" duration-ms="635" started-at="2018-12-09T07:24:56Z" finished-at="2018-12-09T07:24:57Z">
          <reporter-output>
          </reporter-output>
        </test-method> <!-- closeBrowser -->
      </class> <!-- testng.paralleldemo.ParallelDemo -->
    </test> <!-- Test -->
  </suite> <!-- Suite -->
</testng-results>
